Information: Updating design information... (UID-85)
 
****************************************
Report : timing
        -path full
        -delay min
        -max_paths 1
Design : MyDesign
Version: S-2021.06-SP3
Date   : Mon Nov 28 22:40:15 2022
****************************************

Operating Conditions: fast   Library: NangateOpenCellLibrary_PDKv1_2_v2008_10_fast_nldm
Wire Load Model Mode: top

  Startpoint: output_sram_read_address_reg[11]
              (rising edge-triggered flip-flop clocked by clk)
  Endpoint: output_sram_read_address_reg[11]
            (rising edge-triggered flip-flop clocked by clk)
  Path Group: clk
  Path Type: min

  Point                                                   Incr       Path
  --------------------------------------------------------------------------
  clock clk (rise edge)                                 0.0000     0.0000
  clock network delay (ideal)                           0.0000     0.0000
  output_sram_read_address_reg[11]/CK (DFF_X2)          0.0000     0.0000 r
  output_sram_read_address_reg[11]/QN (DFF_X2)          0.0503     0.0503 f
  U19498/ZN (NAND2_X1)                                  0.0169     0.0672 r
  U19499/ZN (OAI22_X1)                                  0.0232     0.0904 f
  output_sram_read_address_reg[11]/D (DFF_X2)           0.0000     0.0904 f
  data arrival time                                                0.0904

  clock clk (rise edge)                                 0.0000     0.0000
  clock network delay (ideal)                           0.0000     0.0000
  clock uncertainty                                     0.0500     0.0500
  output_sram_read_address_reg[11]/CK (DFF_X2)          0.0000     0.0500 r
  library hold time                                    -0.0005     0.0495
  data required time                                               0.0495
  --------------------------------------------------------------------------
  data required time                                               0.0495
  data arrival time                                               -0.0904
  --------------------------------------------------------------------------
  slack (MET)                                                      0.0409


1
